<?xml version="1.0" encoding="UTF-8"?>
<testsuite xmlns:xsi="http://www.w3.org/2001/XMLSchema-instance" xsi:noNamespaceSchemaLocation="https://maven.apache.org/surefire/maven-surefire-plugin/xsd/surefire-test-report.xsd" name="io.github.oracle.template.jzap.OracleTest" time="1.658" tests="2" errors="1" skipped="0" failures="0">
  <properties>
[...]
</properties>
  <testcase name="test" classname="io.github.oracle.template.jzap.OracleTest" time="0.772"/>
  <testcase name="InitializeTest" classname="io.github.oracle.template.jzap.OracleTest" time="0.836">
    <error type="java.lang.NullPointerException">java.lang.NullPointerException
	at io.github.oracle.template.jzap.OracleTest.InitializeTest(OracleTest.java:29)
</error>
    <system-out><![CDATA[############
]]></system-out>
  </testcase>
</testsuite>